CPU)
907264
3944448
4031488
4114432
3919872
4192256
4568064
4660224
4692992
4385792
4222976
4548608
4355072
4717568
4595712
4477952
4793344
4453376
4143104
3573760
4219904
4135936
4667392
4218880
4453376
4128768
4230144
4024320
3998720
3973120
4520960
4754432
4604928
4499456
4411392
4515840
4739072
4586496
4709376
4666368
4798464
4845568
4513792
4528128
4808704
4377600
4876288
4540416
4687872
4346880
4706304
4621312
4655104
4497408
4655104
4591616
4489216
4721664
4668416
3989504
4512768
4026368
4520960
4589568
4691968
4739072
4636672
4547584
4528128
4612096
4453376
3962880
4135936
4172800
3991552
4202496
4283392
4300800
4220928
4455424
4588544
4432896
4502528
4413440
4498432
4794368
4749312
4513792
4899840
4675584
4492288
4590592
4551680
4405248
4781056
4605952
4626432
4322304
4442112
4532224
4480000
4552704
4456448
4813824
4402176
4569088
4673536
4538368
4229120
4640768
4732928
4408320
4271104
4563968
4881408
4652032
4767744
4484096
4198400
4772864
4818944
4802560
4904960
4648960
4623360
4608000
4779008
4800512
4449280
4248576
4515840
4673536
4488192
4542464
4925440
4490240
4698112
4723712
484352
0
