CPU)
711680
4281344
4301824
4091904
4300800
4378624
4506624
4485120
4353024
4110336
3744768
4226048
4348928
4142080
4088832
4354048
4153344
3938304
4359168
4156416
4207616
4286464
4298752
4485120
4274176
4535296
4067328
4162560
4049920
4032512
4214784
4231168
4365312
4216832
4067328
4005888
4166656
4331520
3990528
4239360
4434944
4307968
4173824
4311040
4149248
4194304
4170752
4118528
4097024
3939328
4040704
4143104
4098048
4268032
4600832
4480000
4232192
4721664
4293632
4471808
4543488
4204544
4337664
4220928
4101120
4092928
3798016
4249600
4201472
3922944
3983360
4476928
4242432
4183040
3757056
3976192
3942400
4144128
4069376
4217856
4239360
4005888
4093952
3871744
3525632
