CPU)
190464
1867264
1758976
2293504
1843328
1825088
1701120
1690176
1599936
1745408
1726656
2241344
1919936
1894016
1761792
1649600
1712448
1694208
1644672
2069120
1902016
1717248
1702336
1681216
1749312
1814272
1692096
2350592
1872000
1933888
1966208
1839936
2296256
1755968
1715392
1630080
1564864
1519360
1520832
1691456
1629952
1689728
1671168
1815168
1646336
1617920
1894464
2027776
2007488
1609600
1557568
1611264
1601024
1935872
1845952
1628608
1823168
1698624
1649152
1580992
1687488
1854080
2022592
1676608
1722048
1797952
1615936
1613376
1692672
1584512
1768000
1602048
1601280
1600384
1587520
1584320
1744832
2235712
2244928
1707392
1598592
2034048
1884608
2380096
2090816
1625024
1961344
2014080
1667264
1744128
1626496
1741440
1992832
1573888
1535872
1541504
1601216
1797440
1885824
691008
278208
300608
291648
269696
