CPU)
346752
1638272
1607552
1575040
1817664
1791680
1673472
1655168
1622144
1715264
2051264
1858688
1532288
1473984
1489920
1513408
2120512
1867264
1555200
1869952
1822720
1655104
1723520
1867392
1776896
1997888
1832192
2173440
1751808
1642112
1684480
1669568
1870592
1839168
1800832
1695616
1717440
2248000
1742528
1758080
2019904
2069312
1627136
1835968
1832832
1718144
1844096
2221952
2055936
1900160
1694080
1260224
1674880
1878080
2112768
1618752
2182912
1606144
1777728
1903104
1593792
1746624
1466880
1467584
2056128
2164928
1588928
1575424
1495168
1727808
1808704
1677312
1863680
1671936
1642304
1743552
1555264
1774208
2069376
1896832
1931392
1679744
2098624
2227776
1865344
1810048
2244864
1735296
1855744
1714368
1554560
1504192
1754432
1769792
1564928
2030336
1978432
1812864
1777408
1808512
1626944
1685056
1655040
1688448
1959808
1610624
1609536
1646080
1627840
1656192
2260928
2027648
1835456
1447744
1659520
1615872
2000128
1731584
1666816
1744640
1791808
1684480
1694464
1695232
1580992
2060992
2115456
1892352
1658112
1522432
1940672
1737984
1676480
1681856
2179840
1712832
2158912
1895936
1970112
1956288
1851072
1785472
1808832
2229120
1714368
1938496
1767296
1947648
1896256
1891648
2027200
1718976
1942976
1949568
1930432
2067200
2071936
1846656
1809920
2072640
2197760
1611520
1944896
2047552
1794368
1498752
1998464
1665792
1667648
2193472
1932864
2039296
1901568
1958336
1825216
1474432
1689856
1646464
1629056
1507840
1681024
1768960
1889856
1728000
1930176
1628800
1922560
1816704
2120832
1862912
2003712
1695616
1518720
1400320
1585472
1581312
1657792
1536512
1694144
1611136
1791040
1759424
1963200
1383744
1303040
1615296
1411584
1668736
1899584
1492224
1483328
1798336
1591360
1686592
1789760
1908032
2004032
1665280
1740224
1478016
1600064
1877696
1857600
2169280
1903552
1992128
1766912
1688064
1898560
1826432
1951552
1694720
1760960
2123840
2277952
1672896
1696768
1524352
1777088
1445056
1542016
1786816
1916480
1696704
1446400
1792704
1954944
1623744
1520512
1729216
1990976
2029440
1676544
1855104
1520128
1700928
1698304
1398720
1383744
1546688
2128512
2210368
2131968
1372992
1664768
1571968
1565504
1861376
1780608
1566592
1683648
1354496
1607168
1954624
1547008
1641664
1772928
1529728
2127168
2178624
1837376
2220160
1761536
2049280
1678656
2062720
1890688
1824000
1868480
1986880
1952512
1678784
1874368
1693184
1666304
1772032
1865984
2104576
1441216
1624512
1705728
1824640
1856128
1657280
1811776
1581632
1563648
1728704
1659072
1432384
1941440
1959488
1876928
1600320
1373568
1360768
1322624
1686976
1905856
2152896
1651648
1979520
1988096
1585920
1825920
1494784
1740032
1615104
1712384
1875648
1666368
1818368
1777728
1628288
1562176
1590144
1774144
1676032
1484288
1341632
1379648
1641152
1663808
2100992
1893056
1654528
1457408
1515456
1768448
1700032
2136896
1739776
1774720
1940096
1703232
1499200
1491200
1841664
1941440
2232832
1821056
1817600
1789504
1669184
1661440
1652160
1605888
1494464
2422336
2420032
1874816
1390784
1601536
1621248
1653248
1610176
1626816
1645248
1809728
1376320
1542720
1738432
1652160
1665536
1768256
1623872
2177408
1728384
2322176
2145216
1771008
1747776
1566208
1584128
2016064
1819712
1556544
1430656
1371584
1803840
1418560
1406272
1837248
1748096
1689856
1686656
1933952
2095232
2288000
1997120
1656960
1623168
1694912
1352000
1387904
1366208
1606848
1446784
1421056
1654272
2062848
1984960
1723840
1894016
2000000
1401536
1626560
2124544
2116800
1649216
1944000
1824960
1776384
1983360
1541376
1507840
1873472
1616256
1546752
1460864
1623680
1836992
1896704
2202368
1860864
2009152
1556736
1504704
1491776
1665536
1926016
1580288
1780800
2065600
1587776
1720000
1648640
1808960
1694208
1564736
1669760
1504000
1481344
1517760
1533888
1578752
1387776
1760384
1409792
1567360
1455168
1866944
1795072
1365632
1596992
1838272
1439104
1771520
1403392
1510080
1889472
1678080
1637696
1673536
1591360
1645184
1596672
1713344
1768064
1501312
1970432
1682496
1505152
2064192
1851328
2125504
1720384
1863360
2147776
1891136
1930624
1922496
1886144
1726400
1637760
1761024
1643776
1757504
1773184
2305728
1866688
1361280
1980800
2088704
1699328
1608000
1540032
1501952
1505088
1912640
1633600
1443712
1608704
1564608
1456384
1855232
2136256
1959616
2136896
1382400
1523264
2047104
1666688
1661312
1507712
1779840
1880128
1867584
1911616
2296896
1628480
1512512
1426048
1442752
1673536
1424384
1830784
1675904
1865408
2014976
1782080
1501888
1624000
1713152
2108224
1684480
2003648
2019712
1638592
1810496
2018944
1775872
1535040
1802048
1673472
1796032
2087872
1911296
2094016
2237056
1667200
1544000
1330944
1370944
1450944
1466560
1496960
1733952
1448640
1624320
1669632
1745152
1525760
1970176
1876352
1410560
1501504
1557888
1544832
1575744
1657856
1501248
1541952
1396800
1482496
1488832
1632960
1635904
1898048
1666304
1543424
1376192
1551616
1969152
1685376
1667136
1679616
1565376
1595200
1446592
1419072
1679616
1543872
1540736
1429504
1920512
1710400
1970048
2088192
1864384
1674624
1484928
1461952
1409664
1639360
1870144
1588416
1721408
1504448
1488832
1503488
1602560
1653184
1398592
1960256
1468544
2007040
1867008
1510016
2189120
1502912
1590784
1589056
1871616
1546496
1504064
1643264
1770112
1538240
1510272
1620800
1431232
1374656
1475392
1564800
1632576
1554304
1528832
1759232
1508608
1433728
1849856
1550656
1566208
1455168
1397376
1436352
1404864
1718528
1467712
1740800
1464128
1421824
1776192
1407232
1508928
1624064
1848320
2224768
1790592
1368960
1379264
1623680
1396544
2059392
1701312
1699776
1642560
1420544
1678528
1374592
1539328
1643392
1527360
1570496
1502144
1413184
1498432
1557376
1389376
1621504
1617600
2018240
1664000
1683904
1549120
1730624
1732224
1786944
1775360
1404672
1283328
1590592
1834880
1674048
1961280
1673472
1856768
1694720
2026944
1365376
1899584
1634560
1869760
1676928
1833344
1790720
1437440
1559424
1345600
1520896
1592128
1792064
1632832
1689600
1756608
1774784
1782080
2059136
1871744
1614464
1667968
1878656
1673536
1944576
2166912
1977600
1842304
1795328
1536000
1504896
1654912
1590016
1988928
1902912
2241216
2004928
1857664
1722048
1636672
1912896
1629440
1982720
1663296
1766272
1734336
1981568
1698688
1463168
2144000
2034368
2139712
1963904
1768448
1777600
2232896
2121472
2096320
2024896
2096256
1511616
1443712
2121728
1945920
1342720
1821696
2053568
1845760
1718400
1694208
1651520
1612416
1570944
1484096
2094848
1684672
1690496
1513856
1484544
1522496
1374080
1545664
1442368
1533568
1994048
1873408
1449984
1777344
1561920
1451008
1684224
1547776
770944
1101824
788480
782464
762624
