CPU)
143104
1601728
1558592
1492928
1462272
1457408
1834816
2003008
1621632
1529152
1750400
2185728
1870976
1736192
1658496
1678272
1622272
1910528
1531200
1593024
1654464
1599936
1523840
1513728
1541440
1554944
1467392
1473664
1919104
2058624
1957120
1915328
1667328
1698176
2107136
2262400
1632768
1772160
1717248
2091712
1890880
1834688
1738496
1834368
1516544
1557888
1833152
1572352
1652032
1707584
2014400
1741952
1687104
1792832
1658752
2089920
1691648
1405952
1848000
1567808
1969024
1444928
1406592
1585984
1665152
1797952
1921536
1566144
1482368
1553792
1754752
1629248
1693312
1572096
1619520
1667008
1594688
1383232
1573760
1630656
1851392
1413632
1405120
1468224
1471232
1569920
1313664
1606656
1533440
1719808
1662464
1507904
1697984
1592192
1520064
1510784
1546304
1704448
1290560
1750656
1568896
1541248
1692224
1417728
1764480
1604672
1523392
1742656
1673344
1361856
1808064
1733952
2167488
1716928
1737728
1668160
1559808
2003008
1676416
1597120
1424320
1424512
1426816
1442880
1958272
1982016
1702912
1698112
1920640
1611520
2242432
2076736
2008960
1811648
1665856
1496576
1732864
1640192
1494720
1462144
1412736
1403840
1502528
1637056
1336320
1299328
1323008
2237504
2025536
1783424
2141440
2147840
1848384
1484480
1603200
1464128
1506944
1820608
1668608
1545728
1517760
2055808
1618880
1565952
1721088
1622528
1470528
1466240
1647680
1380160
1438848
1408000
1553216
1441152
1378496
1922944
2020416
1671872
1960448
1430464
1493760
1956416
1639232
1776768
2032768
1806464
2043264
1422720
1364224
1507008
1981952
1928960
1555776
1726784
1927360
1674304
1707840
1934528
1619712
1613312
1938432
1992960
1645376
2022912
1818304
1985408
1691200
2059008
1860608
1500352
2144448
1634048
1936128
1775680
1742144
1986176
1654848
1372288
1381312
1729792
1908800
1831808
1754752
1543488
1803008
1684032
2172544
1835776
1823040
1890688
1568704
1704448
1869952
1605248
1673856
1369216
1374720
2010432
1793792
1835008
1980096
1846656
1941824
1532096
1622080
1797888
1686784
1493696
1521024
1497152
1493184
1742336
1950144
1670592
1509888
1368512
1387968
1373632
1388160
1689728
1790080
1715392
1500992
1699840
1510144
1980224
1589248
1854080
1785600
1997632
1777472
1664960
1560192
1689984
1985152
1646464
1826048
1654720
1525568
1479744
1655872
1666560
1675584
1789824
1824512
1693952
1774400
1918848
1643520
1507072
1324288
1290880
1649536
1809344
1660352
2014976
2083648
1790016
1674688
1815808
1683648
1798464
1480448
2274496
1709504
1654272
2260544
2169280
2094336
1528064
1421952
1610624
1466240
1552512
1668032
1586496
1814784
1814144
1592768
1765632
1701696
1861056
2263744
1910656
1826880
1363904
1561280
1691776
1723136
1641344
2066048
1346624
1332800
1323392
1680704
1403264
1501120
1529088
1581888
1808896
1857856
1841664
1546304
1418944
1520768
1902080
1376640
1380928
2105152
2096320
2025408
1996224
2035264
2119936
1656000
2225728
1775168
1518976
1477568
1459200
1630208
1888320
1508288
1685760
1491520
1407488
1711360
1934784
2078848
1374592
2033984
2049280
1677376
1867904
1852416
1648000
1590848
2075904
2049920
1353536
1864704
1582144
1609280
1492608
1530688
1937664
1784256
1832704
1484928
1433792
1836096
1345984
1822400
1780736
1543680
1331008
1444480
1378624
2033344
1568448
1506624
1425408
1515392
1387264
1624000
1951744
1474112
1907712
1993088
1713536
1857728
1848896
1084480
1110016
1120512
1117120
1142272
1173312
1129472
707328
491648
39744
0
