CPU)
538112
1669376
1657472
1645376
1677760
1694080
1772864
1717888
1882368
1987648
2054080
1620800
1670528
1620224
1632192
1673472
1638336
1788800
1893632
1574784
1792256
1641280
1617088
1777216
1625920
1667328
1643584
1673344
1565824
1585472
1627968
1684032
1741184
1681024
1673280
1714112
1777856
1754368
1741504
1669568
1670080
1691392
1658624
1701440
1635392
1630592
1630848
1593280
1468992
1465472
1455296
1703488
1475456
1477824
1661312
1631744
1673344
1664512
1654080
1670464
1686016
1681344
1653312
1651328
1598784
1489152
1600896
1552384
1407936
1463104
1545536
1581248
1579456
1534784
1567680
1578048
1560960
1541120
1482752
1492672
1505280
1730432
1588928
1587840
1669568
1602112
1671168
1654336
1587456
1606784
1661952
1614080
1879744
1484672
1568640
1690048
1671424
1746048
1689088
1754176
1690560
1637376
1634624
1572160
1629952
1625152
1568384
1617344
1584256
1649152
1645952
1683456
1684032
1608640
1535808
1639232
1625152
1495104
1640640
1674048
1491456
1463936
1468032
1448832
1662528
1631936
1551168
1477760
1461120
1514496
1584704
1580224
1579392
1647552
1606976
1793856
1573888
1552000
1537152
1609152
1642176
1642176
1676608
1591360
1665600
1494080
1448768
1653376
1584704
1575936
1626304
1646272
1674176
1478208
1463296
1461696
1461632
1460480
1508096
1632192
1576320
1506816
1609280
1648320
1677248
1598592
1562880
1627328
1541184
1642816
1656192
1690944
1659200
1582784
1585280
1586752
1641536
1492800
1445440
1445568
1476608
1627136
1598208
1582400
1540032
1532480
1551872
1657984
1575552
1557120
1619712
922752
224064
0
