CPU)
644608
1718592
1756800
1632000
1687936
1606016
1732224
1831744
1670720
1608192
2000960
1676800
1790528
1958848
1789504
2065088
1983808
1902144
1799936
1699200
1722176
1692672
1746816
1887168
2394624
1944512
2112832
2065920
1645120
1833856
2009216
1758656
2283776
1849792
1625152
1600000
1604800
1769472
1786624
1724160
1747520
1764352
1737088
1997120
1769472
1906752
2114432
1574016
1740224
1813248
1725952
1776256
1724608
1933312
1828736
2015232
1824128
1818112
1811264
1814720
1739904
1810944
1845888
1919680
2005248
2080064
1777408
1745856
2006848
1857216
1788608
1785408
1774976
1787136
1788480
1764416
1743232
1807872
1796416
1794880
1813696
1875712
2035648
1674752
1958208
1908032
1791232
1796224
1768000
1884864
2103552
2014656
1927616
1848896
1842304
1787456
1851840
2108928
1836928
1781952
1804224
1772672
1821952
1844352
1953024
1994624
1869504
2142912
1897600
2345472
2102144
1772800
1772672
1833344
1929536
1906688
1755008
1742208
1955072
1684480
1730624
1724928
1800000
1712384
1820032
1986880
2177792
1621248
1594752
1791104
1834048
1902592
1786368
2047040
1807424
1733568
1809152
1756352
1841280
2055680
2002688
1790464
2112000
2044864
2047680
1778752
1754752
1942080
1880576
2028352
1894656
1929728
1867968
1753088
1717056
1755200
1802880
1797184
1852672
1837760
1986048
1755968
1928256
2044608
1877568
1806528
1821888
1835584
2015744
2122176
1752960
1821632
1801152
1675328
1934784
1769728
2017600
1763968
1773824
1762240
1946176
2166528
2093952
1809024
1795200
1809600
1739456
1917184
1979200
1885888
1792640
1780096
1797888
1997248
1775488
1953536
1778496
1710400
1840640
1936448
1770432
1878080
1891392
1791488
1790400
1753920
1767296
1816768
1817216
1744960
2246720
1940032
2026560
1800768
1773312
1770816
2359936
1935808
2400896
2266624
1821120
1821760
1778816
2092160
2132864
1925440
1814272
1839872
1979008
1787328
1815616
1663232
1951104
2168576
1784512
1924992
1928448
1986688
1783168
1862080
1760448
1778560
1819840
1927296
1993216
1908480
1807808
1982976
2364608
1802048
1802944
2031488
1795328
1800640
1884352
1760896
1763328
1782272
1859328
2336832
1786560
1935296
1945152
1909440
1752448
1973312
1754752
1783936
1724160
1797184
1806080
1813696
1885696
1765568
1762624
2010944
1922240
1760192
2010816
1801152
1924800
2249024
1907712
1753728
1795968
2134336
2223104
2147520
1901888
1778368
2061888
2201792
2051264
1862592
1732864
1857344
1628992
1564288
1585920
1596736
1709248
1891072
1881088
1799168
1789440
1812416
1867712
2081152
1819648
1790272
1758016
1779200
1808512
1889088
1784576
1805120
1794176
1773568
1802560
2155200
1769600
1843136
1595200
1676928
2051840
1710016
1720576
1808576
1703552
1664576
1660416
1668992
1632512
1737920
1847360
2256256
1763776
1802368
1637248
1614336
1614912
2010624
1976448
1623744
1625600
1618240
1723520
1719680
1753280
1907584
1819200
1938304
2172736
1763840
1893696
1978368
2183744
1752960
1782208
1773568
2407232
1917248
1834176
1827264
1797824
1796736
1890048
1768192
2155328
1858048
1821440
2139776
1814464
1968704
2054848
1813568
1805184
2057344
1963264
2154880
82816
