CPU)
228032
1649728
1622208
1623936
1809472
1781760
1819904
1811712
2100864
1842304
1822272
1866496
1817408
1829504
1962944
2055936
1811968
1790976
1997120
1745728
1844928
1825472
1940352
2009856
1925376
2222912
1952448
1998400
1927744
2361728
2271872
2545664
1952320
1816512
2039040
2049280
1771904
1846592
1834624
1861632
1869440
1787584
2069888
2109824
1794752
1847680
1794880
1777664
2088256
1805120
1811456
1798592
1787200
1822848
1788288
2355456
2272832
1799232
1792576
1744320
1628032
1669120
1584000
1711360
1748992
1940800
2351680
1817024
2001024
1808256
1814720
2350848
2230528
1950208
1834624
2516864
1981696
1807232
1881024
2411520
1778048
1809984
1838720
1948544
1794624
1793856
1842304
1740544
2484928
2121472
1757440
1715712
1617728
1900672
1820160
1745280
2102528
1790592
1728576
1758016
1926400
2402880
1800512
1865664
2206208
1707776
2074880
1777472
1825920
1803328
1809856
2005376
1727424
1914112
1941952
1903296
1793920
2055616
1983232
1998272
1805440
2366400
2178496
2260416
2387904
2152832
1770368
2262976
1832064
1829312
2033984
1727488
2008768
1731264
1940544
1791040
2029376
1812416
1830336
1898432
1936256
1865920
2034304
2339968
1982080
1806208
1811968
1970624
2165120
2178688
1761280
2402624
1862848
1912960
1959552
1913344
2031168
1765952
1794560
2002304
1896448
2187008
2324096
2207616
1836224
2123264
2273152
1833856
1777984
1832384
2214912
1813568
1886016
1794880
1768832
1776256
1926144
2123200
1802368
2074240
2051456
2111808
1782784
1758080
1739648
1685824
1660352
1604352
1687168
1818624
1720000
1812416
1767232
1775296
1727488
1743808
1922496
2067712
1809472
1826432
1813248
1787968
1774208
1992576
1822784
1800256
1822784
1802816
1741696
1764608
1902912
1743808
2134016
2027200
1925824
1809600
1994240
1817152
1911552
1850368
1752832
1821888
1979648
2276864
1825472
1742848
1899584
1795328
1835904
1825856
1749888
2190144
1683200
2107840
2028416
1986560
1795904
1788224
1906816
2245760
1830080
1969344
2322944
2085696
1909568
1820992
1820992
2337344
2354112
1960320
2243008
1752768
2060672
1840832
2363328
2136448
1735616
1790912
2017216
1963328
1896896
1685312
1718400
1794688
1815680
1795136
2310400
2125440
2116672
2064448
1829440
1804992
1809408
1848832
2032576
2254272
1818688
1774720
1900416
1947264
1792448
2222016
2092800
2114496
1924480
2174208
2155520
1867136
2360064
1817280
2302336
2012736
1783936
1775616
1820736
2148096
1983424
2179456
2236352
1870208
1811200
1800192
2201536
2185344
1850240
2338816
1744832
2006336
2493120
2421120
2183424
1842368
1972736
1807936
2163392
2556800
2013568
2007232
2378944
1798016
1904960
1925120
2032704
2030208
1911040
1794944
2112128
2237440
2006400
1836864
1834944
2259392
1991104
1852608
1699264
1715136
1684544
1746240
1913984
2036736
1729088
2028224
2174976
2286016
1826688
1784128
1989312
1813696
1778304
1898048
1835776
1915392
2293632
2267456
2069568
1800576
1791488
1988928
2315520
1829632
1796224
1694464
1739072
1853440
1782976
1812928
1735040
1711104
2044736
1824896
1880128
2123072
2263872
2216896
2214848
1989696
1962624
2570304
2113408
1796096
2046464
1831936
2008192
1791488
1989312
1808640
2519040
2339584
1793920
1807936
1787264
1904384
1655936
1612032
1597248
1672128
1716480
1729984
1687488
1695104
1777792
2141248
2050880
1806528
1802688
1755712
1764864
1745984
1753280
1705728
1643456
1610304
1757696
1617600
1806144
1623616
1610944
1858176
2045632
1744320
1783488
1784640
1815936
1796608
2134912
1943936
2062912
1908352
1790528
1913984
1824704
1766528
1750976
1762176
2164096
1766336
2095424
1783488
1916224
1810624
1967296
1725824
1915712
2220160
1932416
1864128
1785280
1821888
1811136
1908992
1904960
2510912
2493760
1826752
2059520
1905536
1832512
1873216
1724416
2004672
1782400
1811904
1715136
1642688
1644992
1690176
1674944
1627520
2064320
1785152
1644864
1633408
1770048
2260160
2227648
1820800
1790208
1715904
1781440
1793088
1854208
1965312
1710976
1796416
2091392
1872192
2250176
1732480
1688320
2357184
2153984
1793728
1977600
1804864
1825152
2235584
1615040
1677760
1744960
1767232
1775680
1787648
1823104
1860544
1944960
1731328
1763136
1790912
2175744
2192832
1859072
1961024
2112064
1851712
2239744
2200256
2492992
1795072
1893184
1744064
1809792
2221376
2211328
2169088
2163968
1650240
1468160
1431104
1628864
1628544
1822976
1857216
1761536
1780800
1855232
1796480
1733056
1717056
2172096
2046912
1820224
1829056
1764416
1618048
1934592
1967616
1749504
2073216
1794112
1899136
1820544
2223808
2146560
1980928
2030592
2328192
1945664
2565568
2283584
1955648
1833152
2017216
1794048
1863296
1798656
2223360
2524352
2589568
2471552
1761856
1673600
2399104
2556608
2542144
2184576
2162368
2293120
1757184
2110592
2122176
2142208
1827968
2507456
2011136
2286912
1890816
2048768
1913088
1851328
1822272
1669952
1934400
1790144
1955264
1657600
1637248
1700800
1984000
1774592
2012608
2170752
1584832
1818304
2429568
2235712
2252224
1769792
1803328
2175488
2035392
1778560
2579776
1761088
2029504
2321536
2425088
1803392
1802816
1860544
2165248
1828864
2398720
2068288
2019264
1880768
1992960
2035840
2633728
1837440
2541312
2087360
2105664
2229760
2409152
2080256
1775808
2311872
1805760
1900096
1937664
2269888
2112320
1807744
1818880
2268864
2064384
1892480
1970048
1804736
1834880
2027776
2346304
2117888
2462080
2014144
2134464
1852544
1892928
2403520
1774784
1788288
1792896
2189312
1972736
1777472
1775872
2024960
1787072
1800256
1918784
1916800
1851776
1850688
2073856
1975552
1754112
1929728
1699648
1771008
1831808
1773760
1817856
1888000
1827072
1828672
1484928
1462080
1859648
1767232
1993536
1677312
1652288
1725824
1723776
1767744
1600320
1434944
1611520
1740736
1727808
1844224
1969280
2055872
2413760
1815616
1961664
1865088
2370432
2050752
2136896
1819008
1880704
1743360
1817664
2252800
2042176
1816832
2297984
1894464
1983040
2123072
1932608
1978112
1906816
2138112
2275328
1859968
1075776
311488
231616
260160
241920
211840
267136
221376
279936
255808
231104
250624
232640
273792
238912
190080
