CPU)
254080
1573056
1551808
1559616
1751552
1569664
1461568
1543680
1616128
1539968
1820224
1976640
1627392
1632064
1610816
1697856
1480256
1479808
1512704
1465984
1527552
1577600
1793728
2254144
1797888
1507456
1751296
1477760
1465280
1462848
1476160
2124672
1726016
2150848
1811072
1595392
1608512
1621632
1914944
1860608
1542016
1570432
1616640
1630336
1534656
1648192
1628608
1719616
1461184
1995392
1868928
1614208
1979200
1508288
1603904
1854080
2183232
1694912
1584576
1977152
1619776
1632832
1621568
1625472
1696384
1811904
1999040
1446144
1597056
1866240
1862400
1986048
1680320
1986048
2269504
1724288
1715328
2220608
2029312
1476800
1498304
2096960
1793408
1683328
1782144
2124224
2365184
1936384
1554624
1571904
1461952
1498944
1513088
1656832
1575424
1768064
2359616
2181248
1828672
1907328
2353088
2173376
2171328
2317184
2321408
1962816
2247488
1989888
1494208
1816128
2053696
2212160
1576448
1534784
1511808
2179008
1735168
1639680
1856064
1472192
1624320
1601152
1586304
1999552
1643136
1618880
1625856
1666304
1594880
1651072
1831552
1906432
1895360
1605504
1852608
1610432
1555840
1727616
1635456
1678208
1587264
1636032
1832832
1652928
1606976
1481920
1416000
1880256
2301184
1719872
1612416
1994176
1655040
1578368
2075264
1642176
1658880
1953472
1809984
1783616
1879360
2044608
1627008
1541056
1593152
2022080
1670528
1608448
1535872
1788160
1530560
1486848
1536576
1993856
1873664
1508544
1526400
1508928
1416832
1487680
1467520
2070784
1498880
1447808
1509568
1610688
1601472
1622976
1538880
1451776
1426112
1451904
1414592
1470528
1930688
2143040
1565760
1549184
1592256
1431104
1453568
1765760
1674368
1449344
1416256
1414208
1699072
1649472
1667584
1553536
1570560
1991424
1999552
1555584
1563072
1648448
2105984
2119872
1733056
1880192
1642176
1841152
1857792
1611008
1477440
1577664
1632256
1622208
1460352
1523200
1516672
1628608
1623808
1578176
1822656
1808896
2213376
1788352
1585984
1614208
1960192
1578624
1438976
1451328
1537152
1460544
1454592
1439616
1442816
1409792
1819584
1609280
1778624
1983232
1639232
1606720
2266496
1826496
1510528
1566208
1890560
2188992
1819648
1533056
1800960
1625728
1828032
1750464
1636416
1905152
1567616
1606400
1622080
1548480
1595776
1637184
1616256
1718016
1810688
1549568
1553216
1701632
1921792
1851136
1686656
1568256
1761792
1640448
1546112
1588288
1528000
1559616
1455808
1444032
1520384
1530240
1492992
1593920
1607808
1491072
1475456
1719040
1807168
2000384
1966528
1611200
1672768
2157312
1471936
1636288
1795136
1483648
1460672
1805184
2083328
1767296
1760192
1626624
1765888
1786048
2013760
2303232
1715776
1636800
2009408
1992448
2329600
1523904
1946176
1859584
1494272
2098880
2296512
2214848
1707264
1593536
1972800
1605120
1465600
1736192
1627456
1602496
1904448
2169344
1828224
1686784
1875904
2172480
1747520
1793984
1673728
1598848
1965632
1932416
1767104
1501504
1682176
1492736
2203264
2050432
1820032
1581056
1897088
1781312
1891200
1645120
2257216
1713280
2106176
1579200
1604608
2285888
1550784
1512448
1768384
2232640
2407040
2402944
2088704
1904000
1806656
1696064
1506432
1928768
1724928
1509312
1512704
1556736
1591424
1654016
1627072
1593216
1706368
1579328
1706304
1830656
1634048
1652992
1603200
1757760
1757120
1619264
1660160
1616064
1595904
1550784
1527168
1555584
1472128
1059712
292992
0
