CPU)
278400
1452416
1499904
1510848
1460096
1515264
1884672
1536960
1484096
2053504
1699904
1940800
1496704
1560000
1431296
1534080
1550528
1634880
1563008
1402816
1518528
1894912
1613376
1627904
1596608
1612224
1605120
1938560
1764928
1938432
1888960
1615360
2239488
1828096
2010944
1610112
1719616
1594688
1926528
1849344
1698432
2036608
1718272
1690432
1594816
1633984
1620416
1522048
1795200
1623424
1821312
1682048
1640640
1888320
1625728
1537664
1853248
1922688
1863104
1792256
1613760
1631296
1927680
1695424
1561600
1554688
1535104
1758336
2137856
1326400
1934208
1439424
1653248
1917696
1705536
2265664
1836288
1913280
1612992
1808256
1735744
2108224
2048448
1696832
1877696
1762752
1725184
1945600
2021312
1621952
1616000
2009792
2149056
2055872
1581952
1628096
1712384
1272320
1906944
1645120
2294848
1560512
547200
547264
111296
