CPU)
352512
1578368
1612672
1699584
1568704
1564096
1638912
1611712
1597504
1615552
1603712
1562496
1589504
1622592
1565888
1482496
1476736
1461056
1518720
1516160
1436096
1562432
1618944
1437888
1420416
1422656
1473024
1654208
1612352
1646528
1513472
2021440
1705920
1619520
1562240
1689280
1641792
1817152
2132224
1838912
1752576
2135296
1670272
1558656
1800256
1919808
1660608
1485568
1750080
1454400
1749504
1524288
1494592
1433600
1421376
1892480
1945536
1569216
1566016
1680576
2079808
1588032
1529728
1478656
2320128
1904064
1594880
1546880
1564736
1685696
1772544
1563072
1555328
1589760
2197632
1472064
1454592
1453568
1393536
1506048
1491392
1479040
1664256
1472128
1469696
1444672
1511744
1590080
1442688
1409088
1579520
2212864
1560000
1472256
1428992
1526208
1610112
1875968
1612544
1455424
1461824
1484352
1521792
1590528
1621312
1633664
2116544
1985792
1644608
1965440
2032128
1682112
1588992
1786112
1457728
1451968
1433152
1408192
1701248
1886528
1644928
1664192
2281664
2224832
1831552
2014016
1568768
1913600
1696640
1781888
2352832
1578368
1622720
2047616
2110144
2043520
1720640
1737024
1849664
1612736
1669184
1607872
1476992
1527104
1857344
1880704
1454336
1420736
1986624
1721088
1584576
1946752
1755648
1622336
1655360
2163520
1779456
1632832
1688576
2234432
1807424
1834112
2164544
1791552
2113472
1617856
2142976
1629184
1643328
1847424
2033664
2225024
1662784
1612736
1605760
1595264
1534656
1794368
2177920
1809344
2127360
2040128
1683584
2065600
1654144
1524352
1802816
1546880
1759744
1667136
1563776
1912960
2042816
1821888
1946240
2414656
2342656
1912576
1561728
1551232
1550976
1553728
1552384
1561152
1418944
1485696
2304000
1726528
1840064
1946944
1630656
1629952
1536128
1642560
1607296
1689600
1582144
1590976
1608256
1998208
1604544
1634048
1589632
1933184
1750144
1752128
1648832
2067456
2017856
2382592
1784512
1638144
1651328
1581824
1638656
1610304
1871232
1703232
1666496
1854080
1612224
1605376
1588672
1773888
1534976
1758848
1580352
1879040
1613696
1597952
1619520
1636928
1658304
1623488
1836544
1867968
1759168
1620288
1577600
1524992
1954240
2367616
1740736
1577920
2072768
1790336
2099136
1618368
1992704
1677056
1827072
1917888
1761664
1890176
1620032
1864448
1826496
1765376
2220544
1601344
1581824
1556544
1480000
1899584
2240832
1618432
1539072
1591936
1483072
1425920
1473920
1515648
1465216
2046656
1673600
1598848
1550912
1558080
1589312
1579968
1608512
1574272
1597888
1574784
1643776
1479040
1597568
1718400
2288064
1666560
1918336
1459712
1433088
1496896
1880256
1673408
1673536
1827008
1566336
2020992
1606528
1579200
1654016
1628992
1613248
1535168
1456768
1457856
1622976
1592512
1577024
1556480
1541440
1509376
1944832
1528896
1582400
1627520
1774848
1884672
1736256
2333568
1581248
1670144
1833856
2221248
1814528
1499520
2047808
2218304
1806080
1667904
1921664
1310528
1917696
1488768
1405632
1934336
1512256
1480704
1444608
1884928
1771904
1795904
2239552
1737152
1940544
1588672
1782272
1844928
1669312
1767040
2033536
1657664
1563776
1380608
1368512
1604096
1668864
1864960
1528704
1593472
1628096
1528896
1637824
2375168
1912960
1487040
1458432
1574336
1741760
1716992
1388032
1825216
1674560
1858688
1714560
2166272
1915968
1565120
1533696
1607872
1806656
1552896
2240192
2246272
1650112
1609600
1580672
1782464
1673728
1505280
1412224
1762880
2262784
1648384
1616448
1737600
1594880
1820608
1801984
1795200
1582784
1864064
2044480
2391872
1987840
1835456
1897536
1450624
1372288
1372928
1584320
1271936
2015360
1343232
1278784
1280128
1302016
2171968
1927488
1605120
1998208
1682432
1696960
1481664
1618240
1453312
1458176
1799168
2327424
1724032
1591872
1527488
2003392
1628992
1856768
1775936
1647616
1614464
1615488
1778240
1583488
1484672
1393600
2010304
1936768
1854272
1904384
1813376
1638528
1955648
1480384
1402560
1857920
1446208
1423360
2095424
1856960
1425664
1570624
1854400
1879680
1616640
1527104
1682240
2055552
1812608
1429696
1497152
2036096
1708096
1368576
1415488
1413312
1450048
1559360
1480256
1716608
2199040
1848704
1774400
1602048
1734976
1331200
1752768
1669760
1491648
1774464
2096960
1897472
1752512
1469056
1548608
2054080
1911040
1422080
1419520
1409152
1383552
1369152
1951552
1989184
1566464
1432640
1636800
1643456
1829568
1386048
1633408
1484544
1850496
1767744
1368128
2141312
1908672
1558528
1530944
1927488
2044096
1807872
1707392
1675840
1976384
1753344
1666880
1984896
1775936
1581952
1955008
2283776
1365440
1600640
1749376
1595456
1716736
1884352
1591872
1974400
1973568
1878336
1546112
1747648
1564096
1915328
1716352
1642880
1631488
1509312
2054336
2228288
1324480
1341056
1499904
1316544
1355904
1679488
1603520
1732928
1458944
1754048
1576448
1854464
1662272
1424192
1641024
1836544
1555904
1482368
1886528
2235264
1600704
1871104
1374720
2085504
2362240
2095168
2029504
1265152
1375104
1669376
1300032
1533568
1938112
2189056
1542336
1854720
1702272
1795136
2140416
1872704
1632960
1581120
1350976
1420480
1704320
1286016
1294208
1971392
1413952
1312448
1368512
1428544
1463488
1877824
2206784
1549696
1341120
1411264
1780544
1601536
1482496
1598336
1668544
1604160
1708416
2102656
1844288
1468352
1483648
1441984
1460864
2084160
1639296
1320384
1992448
2259904
1648640
1726848
1756160
1808320
1924864
1901824
1624576
1857664
2258048
1415808
1707392
1595776
1741440
2209856
2031104
1487808
1617792
1651776
1370112
1331328
1700544
1739008
1512128
1489408
1794240
1567424
1487808
1398144
1445184
1347712
1574336
1484352
1750592
1274688
1304448
1561728
2020544
2030144
1850624
1736064
2085952
1626560
1565248
1795072
1663040
2081280
1292352
1903872
1481984
1283712
1299904
1877824
1777856
1725376
2039488
2110912
1305856
1288512
1461312
2026496
2047744
1781824
1904192
1501376
1964928
1957952
1883968
1412352
1692480
2228544
1529984
1657984
1703872
1646400
1512064
1421184
1410112
1921152
1598656
1548480
2032192
1415872
2024064
2109696
1378240
1422400
1516160
1343744
1564672
1587136
1593792
1678208
1920640
1530368
1691392
1755904
1941184
1668352
1642176
1893440
1296960
1431808
1355520
1330816
1514560
1578112
1849280
1608448
1499840
1917696
1331584
1383936
1563712
1785472
1424512
1545792
1513088
1354176
1497856
1306304
1340864
1379328
1391424
1367424
2059584
1912000
1820608
1902272
1680256
1576576
1649536
1795904
2082624
2223040
1743168
2040384
1917440
2102592
1938368
1660288
1568256
1710336
2074112
1309376
2001536
1603968
2106368
2159104
1429312
1970368
1806592
1620544
2315584
1277760
1579520
1916800
1714752
1447744
1717568
1407680
2086848
1303744
1350720
1292352
1705152
1549376
1760384
1501952
2128192
1525888
1470336
1569408
1719104
1813568
1306816
1482944
1323200
1313984
1269760
1065408
862848
685952
636416
639232
697600
698752
646784
673536
744320
664064
691968
637120
675648
639104
614144
624640
639360
276800
20032
0
0
0
